TN:
SF:src/hooks/.gitkeep
FNF:0
FNH:0
LF:0
LH:0
BRF:0
BRH:0
end_of_record
TN:
SF:src/hooks/useCalendarWeek.ts
FN:41,assignMultiDayRows
FN:45,(anonymous_1)
FN:87,useCalendarWeek
FN:96,(anonymous_3)
FN:108,(anonymous_4)
FN:109,(anonymous_5)
FN:114,(anonymous_6)
FN:117,(anonymous_7)
FN:119,(anonymous_8)
FN:123,(anonymous_9)
FN:125,(anonymous_10)
FN:126,(anonymous_11)
FN:132,(anonymous_12)
FN:137,(anonymous_13)
FN:141,(anonymous_14)
FN:144,(anonymous_15)
FN:152,(anonymous_16)
FN:154,(anonymous_17)
FN:156,(anonymous_18)
FN:158,(anonymous_19)
FNF:20
FNH:19
FNDA:14,assignMultiDayRows
FNDA:4,(anonymous_1)
FNDA:14,useCalendarWeek
FNDA:12,(anonymous_3)
FNDA:28,(anonymous_4)
FNDA:28,(anonymous_5)
FNDA:98,(anonymous_6)
FNDA:98,(anonymous_7)
FNDA:98,(anonymous_8)
FNDA:4,(anonymous_9)
FNDA:28,(anonymous_10)
FNDA:28,(anonymous_11)
FNDA:2,(anonymous_12)
FNDA:3,(anonymous_13)
FNDA:4,(anonymous_14)
FNDA:0,(anonymous_15)
FNDA:1,(anonymous_16)
FNDA:1,(anonymous_17)
FNDA:1,(anonymous_18)
FNDA:1,(anonymous_19)
DA:44,14
DA:45,14
DA:46,4
DA:47,4
DA:48,2
DA:49,2
DA:50,2
DA:51,2
DA:54,4
DA:55,2
DA:56,2
DA:58,4
DA:96,14
DA:97,14
DA:100,14
DA:103,14
DA:104,14
DA:106,14
DA:108,14
DA:109,28
DA:110,28
DA:113,14
DA:114,98
DA:117,98
DA:118,14
DA:119,98
DA:122,14
DA:124,4
DA:125,28
DA:126,28
DA:127,4
DA:128,4
DA:129,4
DA:130,4
DA:132,2
DA:134,14
DA:136,14
DA:137,3
DA:141,14
DA:142,14
DA:146,0
DA:150,14
DA:152,14
DA:153,1
DA:154,1
DA:156,14
DA:157,1
DA:158,1
DA:161,14
LF:49
LH:48
BRDA:48,0,0,2
BRDA:48,0,1,0
BRDA:54,1,0,2
BRDA:54,1,1,2
BRDA:100,2,0,2
BRDA:100,2,1,12
BRDA:108,3,0,14
BRDA:108,3,1,0
BRDA:113,4,0,14
BRDA:113,4,1,0
BRDA:119,5,0,14
BRDA:119,5,1,0
BRDA:125,6,0,10
BRDA:125,6,1,18
BRDA:125,7,0,28
BRDA:125,7,1,25
BRDA:127,8,0,0
BRDA:127,8,1,4
BRDA:136,9,0,1
BRDA:136,9,1,13
BRDA:141,10,0,2
BRDA:141,10,1,12
BRDA:143,11,0,11
BRDA:143,11,1,3
BRDA:146,12,0,0
BRDA:146,12,1,0
BRF:26
BRH:19
end_of_record
TN:
SF:src/hooks/useCurrentTime.ts
FN:3,useCurrentTime
FN:4,(anonymous_1)
FN:6,(anonymous_2)
FN:7,(anonymous_3)
FN:11,(anonymous_4)
FNF:5
FNH:5
FNDA:8,useCurrentTime
FNDA:5,(anonymous_1)
FNDA:6,(anonymous_2)
FNDA:2,(anonymous_3)
FNDA:6,(anonymous_4)
DA:4,8
DA:6,8
DA:7,6
DA:8,2
DA:11,6
DA:12,6
DA:16,8
LF:7
LH:7
BRF:0
BRH:0
end_of_record
TN:
SF:src/hooks/useDashboard.ts
FN:23,(anonymous_0)
FN:30,(anonymous_1)
FN:38,(anonymous_2)
FN:41,(anonymous_3)
FN:46,(anonymous_4)
FN:56,(anonymous_5)
FN:62,(anonymous_6)
FN:64,(anonymous_7)
FN:67,(anonymous_8)
FN:71,(anonymous_9)
FN:107,useDashboard
FN:119,(anonymous_11)
FN:121,(anonymous_12)
FN:122,(anonymous_13)
FN:127,(anonymous_14)
FN:132,(anonymous_15)
FN:134,(anonymous_16)
FN:140,(anonymous_17)
FN:141,(anonymous_18)
FN:145,(anonymous_19)
FN:147,(anonymous_20)
FN:159,(anonymous_21)
FN:161,(anonymous_22)
FN:180,(anonymous_23)
FN:181,(anonymous_24)
FN:185,(anonymous_25)
FN:193,(anonymous_26)
FN:196,(anonymous_27)
FN:201,(anonymous_28)
FN:203,(anonymous_29)
FN:206,(anonymous_30)
FNF:31
FNH:30
FNDA:43,(anonymous_0)
FNDA:108,(anonymous_1)
FNDA:4,(anonymous_2)
FNDA:13,(anonymous_3)
FNDA:13,(anonymous_4)
FNDA:13,(anonymous_5)
FNDA:91,(anonymous_6)
FNDA:28,(anonymous_7)
FNDA:3,(anonymous_8)
FNDA:21,(anonymous_9)
FNDA:13,useDashboard
FNDA:13,(anonymous_11)
FNDA:52,(anonymous_12)
FNDA:325,(anonymous_13)
FNDA:13,(anonymous_14)
FNDA:13,(anonymous_15)
FNDA:65,(anonymous_16)
FNDA:13,(anonymous_17)
FNDA:4,(anonymous_18)
FNDA:3,(anonymous_19)
FNDA:3,(anonymous_20)
FNDA:13,(anonymous_21)
FNDA:91,(anonymous_22)
FNDA:13,(anonymous_23)
FNDA:4,(anonymous_24)
FNDA:3,(anonymous_25)
FNDA:0,(anonymous_26)
FNDA:13,(anonymous_27)
FNDA:1,(anonymous_28)
FNDA:1,(anonymous_29)
FNDA:168,(anonymous_30)
DA:13,1
DA:23,1
DA:24,43
DA:25,43
DA:26,43
DA:27,43
DA:30,1
DA:31,108
DA:32,108
DA:33,108
DA:34,2
DA:35,1
DA:38,1
DA:39,4
DA:41,1
DA:42,13
DA:43,13
DA:46,1
DA:47,13
DA:48,13
DA:49,13
DA:50,52
DA:51,52
DA:53,13
DA:56,1
DA:60,13
DA:63,91
DA:64,91
DA:66,91
DA:67,3
DA:70,91
DA:71,21
DA:73,91
DA:108,13
DA:109,13
DA:113,13
DA:116,13
DA:117,13
DA:119,13
DA:121,13
DA:122,325
DA:127,13
DA:128,13
DA:132,13
DA:134,13
DA:135,65
DA:140,13
DA:141,13
DA:145,13
DA:146,13
DA:147,13
DA:148,13
DA:150,13
DA:153,13
DA:154,13
DA:155,13
DA:156,13
DA:157,13
DA:159,13
DA:161,13
DA:162,91
DA:163,91
DA:164,91
DA:165,91
DA:177,13
DA:178,13
DA:180,13
DA:181,13
DA:185,13
DA:187,13
DA:191,13
DA:193,0
DA:194,13
DA:196,13
DA:197,13
DA:198,13
DA:199,2
DA:200,2
DA:201,1
DA:203,1
DA:206,2
DA:207,168
DA:208,168
DA:209,1
DA:211,167
DA:215,13
LF:86
LH:85
BRDA:33,0,0,106
BRDA:33,0,1,2
BRDA:34,1,0,1
BRDA:34,1,1,1
BRDA:39,2,0,4
BRDA:39,2,1,3
BRDA:43,3,0,0
BRDA:43,3,1,13
BRDA:48,4,0,0
BRDA:48,4,1,13
BRDA:50,5,0,0
BRDA:50,5,1,52
BRDA:63,6,0,91
BRDA:63,6,1,0
BRDA:66,7,0,2
BRDA:66,7,1,89
BRDA:70,8,0,14
BRDA:70,8,1,77
BRDA:71,9,0,21
BRDA:71,9,1,0
BRDA:121,10,0,13
BRDA:121,10,1,0
BRDA:135,11,0,13
BRDA:135,11,1,52
BRDA:150,12,0,11
BRDA:150,12,1,2
BRDA:162,13,0,91
BRDA:162,13,1,91
BRDA:177,14,0,13
BRDA:177,14,1,12
BRDA:178,15,0,13
BRDA:178,15,1,12
BRDA:187,16,0,11
BRDA:187,16,1,2
BRDA:191,17,0,13
BRDA:191,17,1,0
BRDA:198,18,0,11
BRDA:198,18,1,2
BRDA:208,19,0,1
BRDA:208,19,1,167
BRF:40
BRH:33
end_of_record
TN:
SF:src/hooks/useFocusTrap.ts
FN:12,useFocusTrap
FN:18,(anonymous_1)
FN:22,(anonymous_2)
FN:30,(anonymous_3)
FN:56,(anonymous_4)
FNF:5
FNH:5
FNDA:42,useFocusTrap
FNDA:42,(anonymous_1)
FNDA:12,(anonymous_2)
FNDA:25,(anonymous_3)
FNDA:12,(anonymous_4)
DA:3,5
DA:13,42
DA:14,42
DA:15,42
DA:18,42
DA:19,42
DA:22,42
DA:23,12
DA:25,12
DA:26,12
DA:27,12
DA:28,12
DA:30,12
DA:31,25
DA:32,0
DA:33,0
DA:35,25
DA:37,0
DA:38,0
DA:40,0
DA:41,0
DA:43,0
DA:44,0
DA:45,0
DA:47,0
DA:48,0
DA:49,0
DA:53,12
DA:54,12
DA:56,12
DA:57,12
DA:58,12
DA:59,12
DA:63,42
LF:34
LH:22
BRDA:23,0,0,0
BRDA:23,0,1,12
BRDA:31,1,0,0
BRDA:31,1,1,25
BRDA:35,2,0,25
BRDA:35,2,1,0
BRDA:35,3,0,25
BRDA:35,3,1,0
BRDA:38,4,0,0
BRDA:38,4,1,0
BRDA:43,5,0,0
BRDA:43,5,1,0
BRDA:43,6,0,0
BRDA:43,6,1,0
BRDA:47,7,0,0
BRDA:47,7,1,0
BRDA:47,8,0,0
BRDA:47,8,1,0
BRF:18
BRH:4
end_of_record
TN:
SF:src/hooks/useHabits.ts
FN:50,(anonymous_0)
FN:70,(anonymous_1)
FN:77,(anonymous_2)
FN:84,(anonymous_3)
FN:87,(anonymous_4)
FN:90,useHabits
FN:91,(anonymous_6)
FN:92,(anonymous_7)
FN:97,(anonymous_8)
FN:98,(anonymous_9)
FN:104,(anonymous_10)
FN:111,(anonymous_11)
FN:115,(anonymous_12)
FN:119,(anonymous_13)
FN:120,(anonymous_14)
FN:133,(anonymous_15)
FN:137,(anonymous_16)
FN:141,(anonymous_17)
FN:142,(anonymous_18)
FN:157,(anonymous_19)
FN:159,(anonymous_20)
FN:160,(anonymous_21)
FN:166,(anonymous_22)
FN:167,(anonymous_23)
FN:168,(anonymous_24)
FN:173,(anonymous_25)
FN:175,(anonymous_26)
FN:176,(anonymous_27)
FN:183,(anonymous_28)
FN:185,(anonymous_29)
FN:198,(anonymous_30)
FN:199,(anonymous_31)
FN:199,(anonymous_32)
FN:201,(anonymous_33)
FN:205,(anonymous_34)
FN:206,(anonymous_35)
FN:210,(anonymous_36)
FN:215,(anonymous_37)
FN:220,(anonymous_38)
FNF:39
FNH:37
FNDA:1,(anonymous_0)
FNDA:23,(anonymous_1)
FNDA:161,(anonymous_2)
FNDA:23,(anonymous_3)
FNDA:35,(anonymous_4)
FNDA:28,useHabits
FNDA:0,(anonymous_6)
FNDA:23,(anonymous_7)
FNDA:23,(anonymous_8)
FNDA:0,(anonymous_9)
FNDA:23,(anonymous_10)
FNDA:1,(anonymous_11)
FNDA:3,(anonymous_12)
FNDA:2,(anonymous_13)
FNDA:1,(anonymous_14)
FNDA:1,(anonymous_15)
FNDA:1,(anonymous_16)
FNDA:3,(anonymous_17)
FNDA:2,(anonymous_18)
FNDA:23,(anonymous_19)
FNDA:17,(anonymous_20)
FNDA:49,(anonymous_21)
FNDA:23,(anonymous_22)
FNDA:23,(anonymous_23)
FNDA:23,(anonymous_24)
FNDA:23,(anonymous_25)
FNDA:161,(anonymous_26)
FNDA:119,(anonymous_27)
FNDA:23,(anonymous_28)
FNDA:161,(anonymous_29)
FNDA:23,(anonymous_30)
FNDA:17,(anonymous_31)
FNDA:49,(anonymous_32)
FNDA:5,(anonymous_33)
FNDA:23,(anonymous_34)
FNDA:161,(anonymous_35)
FNDA:23,(anonymous_36)
FNDA:23,(anonymous_37)
FNDA:28,(anonymous_38)
DA:10,1
DA:16,1
DA:17,1
DA:18,1
DA:50,1
DA:51,1
DA:52,1
DA:53,1
DA:55,1
DA:70,1
DA:71,23
DA:72,23
DA:73,23
DA:74,23
DA:75,23
DA:77,23
DA:78,161
DA:79,161
DA:80,161
DA:84,1
DA:85,23
DA:87,1
DA:88,35
DA:91,28
DA:92,28
DA:93,28
DA:94,28
DA:95,28
DA:97,28
DA:98,23
DA:99,0
DA:102,23
DA:104,23
DA:105,23
DA:109,28
DA:111,28
DA:112,1
DA:115,28
DA:116,3
DA:119,28
DA:120,2
DA:121,2
DA:122,1
DA:125,1
DA:130,1
DA:133,28
DA:134,1
DA:137,28
DA:138,1
DA:141,28
DA:142,3
DA:143,3
DA:144,1
DA:147,2
DA:148,2
DA:150,2
DA:157,28
DA:158,23
DA:159,23
DA:160,49
DA:163,23
DA:166,28
DA:167,28
DA:168,28
DA:169,23
DA:173,28
DA:174,23
DA:175,23
DA:176,161
DA:177,161
DA:183,28
DA:184,23
DA:185,23
DA:186,161
DA:187,35
DA:190,23
DA:191,17
DA:193,6
DA:198,28
DA:199,49
DA:200,23
DA:201,5
DA:205,28
DA:206,161
DA:207,23
DA:210,28
DA:211,23
DA:215,28
DA:216,23
DA:220,28
DA:221,28
LF:91
LH:90
BRDA:52,0,0,1
BRDA:52,0,1,0
BRDA:61,1,0,0
BRDA:61,1,1,1
BRDA:61,2,0,0
BRDA:61,2,1,0
BRDA:73,3,0,0
BRDA:73,3,1,23
BRDA:92,4,0,23
BRDA:92,4,1,1
BRDA:121,5,0,1
BRDA:121,5,1,1
BRDA:143,6,0,1
BRDA:143,6,1,2
BRDA:177,7,0,105
BRDA:177,7,1,56
BRDA:186,8,0,35
BRDA:186,8,1,126
BRDA:190,9,0,17
BRDA:190,9,1,6
BRDA:193,10,0,1
BRDA:193,10,1,5
BRDA:200,11,0,5
BRDA:200,11,1,18
BRDA:216,12,0,23
BRDA:216,12,1,0
BRF:26
BRH:20
end_of_record
TN:
SF:src/hooks/useHeatmapGrid.ts
FN:23,useHeatmapGrid
FN:27,(anonymous_1)
FN:29,(anonymous_2)
FN:35,(anonymous_3)
FN:37,(anonymous_4)
FN:45,(anonymous_5)
FN:51,(anonymous_6)
FN:53,(anonymous_7)
FN:58,(anonymous_8)
FN:69,(anonymous_9)
FNF:10
FNH:8
FNDA:10,useHeatmapGrid
FNDA:10,(anonymous_1)
FNDA:9,(anonymous_2)
FNDA:10,(anonymous_3)
FNDA:10,(anonymous_4)
FNDA:12,(anonymous_5)
FNDA:10,(anonymous_6)
FNDA:0,(anonymous_7)
FNDA:0,(anonymous_8)
FNDA:10,(anonymous_9)
DA:10,1
DA:11,1
DA:24,10
DA:25,10
DA:27,10
DA:29,10
DA:30,9
DA:35,10
DA:37,10
DA:38,10
DA:39,10
DA:40,10
DA:41,10
DA:42,10
DA:43,10
DA:44,10
DA:45,10
DA:46,12
DA:47,12
DA:51,10
DA:52,10
DA:53,0
DA:54,0
DA:55,0
DA:57,0
DA:58,0
DA:61,10
DA:62,10
DA:63,10
DA:64,10
DA:65,10
DA:66,10
DA:67,10
DA:69,10
DA:75,10
DA:77,10
LF:36
LH:31
BRDA:39,0,0,5
BRDA:39,0,1,5
BRDA:42,1,0,0
BRDA:42,1,1,10
BRDA:47,2,0,12
BRDA:47,2,1,9
BRDA:47,2,2,9
BRDA:52,3,0,10
BRDA:52,3,1,0
BRDA:75,4,0,5
BRDA:75,4,1,5
BRF:11
BRH:9
end_of_record
TN:
SF:src/hooks/usePersistentState.ts
FN:3,usePersistentState
FN:7,(anonymous_1)
FN:20,(anonymous_2)
FNF:3
FNH:3
FNDA:110,usePersistentState
FNDA:34,(anonymous_1)
FNDA:69,(anonymous_2)
DA:7,110
DA:8,34
DA:9,34
DA:10,34
DA:13,0
DA:14,0
DA:16,0
DA:20,110
DA:21,69
DA:24,110
LF:10
LH:7
BRDA:9,0,0,34
BRDA:9,0,1,0
BRF:2
BRH:1
end_of_record
TN:
SF:src/hooks/useRandomIndex.ts
FN:8,useRandomIndex
FN:9,(anonymous_1)
FNF:2
FNH:2
FNDA:83,useRandomIndex
FNDA:40,(anonymous_1)
DA:9,83
DA:10,40
DA:12,83
LF:3
LH:3
BRDA:10,0,0,40
BRDA:10,0,1,0
BRF:2
BRH:1
end_of_record
TN:
SF:src/hooks/useTasks.ts
FN:39,(anonymous_0)
FN:48,(anonymous_1)
FN:63,(anonymous_2)
FN:65,useTasks
FN:68,(anonymous_4)
FN:69,(anonymous_5)
FN:72,(anonymous_6)
FN:73,(anonymous_7)
FN:73,(anonymous_8)
FN:77,(anonymous_9)
FN:94,(anonymous_10)
FN:100,(anonymous_11)
FN:106,(anonymous_12)
FN:111,(anonymous_13)
FN:116,(anonymous_14)
FN:130,(anonymous_15)
FN:134,(anonymous_16)
FN:135,(anonymous_17)
FN:153,(anonymous_18)
FN:157,(anonymous_19)
FN:158,(anonymous_20)
FN:173,(anonymous_21)
FN:174,(anonymous_22)
FN:186,(anonymous_23)
FN:188,(anonymous_24)
FN:195,(anonymous_25)
FN:197,(anonymous_26)
FN:203,(anonymous_27)
FN:206,(anonymous_28)
FN:207,(anonymous_29)
FN:211,(anonymous_30)
FN:214,(anonymous_31)
FN:216,(anonymous_32)
FN:218,(anonymous_33)
FN:222,(anonymous_34)
FNF:35
FNH:29
FNDA:51,(anonymous_0)
FNDA:1,(anonymous_1)
FNDA:26,(anonymous_2)
FNDA:25,useTasks
FNDA:0,(anonymous_4)
FNDA:19,(anonymous_5)
FNDA:19,(anonymous_6)
FNDA:15,(anonymous_7)
FNDA:3,(anonymous_8)
FNDA:0,(anonymous_9)
FNDA:3,(anonymous_10)
FNDA:2,(anonymous_11)
FNDA:1,(anonymous_12)
FNDA:0,(anonymous_13)
FNDA:0,(anonymous_14)
FNDA:1,(anonymous_15)
FNDA:2,(anonymous_16)
FNDA:1,(anonymous_17)
FNDA:0,(anonymous_18)
FNDA:3,(anonymous_19)
FNDA:2,(anonymous_20)
FNDA:3,(anonymous_21)
FNDA:3,(anonymous_22)
FNDA:19,(anonymous_23)
FNDA:15,(anonymous_24)
FNDA:19,(anonymous_25)
FNDA:5,(anonymous_26)
FNDA:19,(anonymous_27)
FNDA:13,(anonymous_28)
FNDA:0,(anonymous_29)
FNDA:19,(anonymous_30)
FNDA:13,(anonymous_31)
FNDA:15,(anonymous_32)
FNDA:13,(anonymous_33)
FNDA:25,(anonymous_34)
DA:39,51
DA:48,2
DA:49,1
DA:51,1
DA:63,26
DA:66,25
DA:67,25
DA:68,25
DA:69,25
DA:70,25
DA:72,25
DA:73,19
DA:77,25
DA:78,0
DA:82,0
DA:86,0
DA:87,0
DA:88,0
DA:89,0
DA:90,0
DA:91,0
DA:94,25
DA:95,3
DA:96,3
DA:97,3
DA:100,25
DA:101,2
DA:102,2
DA:103,2
DA:106,25
DA:107,1
DA:108,1
DA:111,25
DA:112,0
DA:113,0
DA:116,0
DA:117,0
DA:118,0
DA:121,0
DA:127,0
DA:130,25
DA:131,1
DA:134,25
DA:135,2
DA:136,2
DA:137,1
DA:140,1
DA:141,1
DA:150,1
DA:153,25
DA:154,0
DA:157,25
DA:158,3
DA:159,3
DA:160,1
DA:163,2
DA:165,2
DA:173,25
DA:174,3
DA:175,3
DA:176,1
DA:179,2
DA:186,25
DA:188,19
DA:189,15
DA:190,15
DA:195,25
DA:197,19
DA:198,5
DA:203,25
DA:205,19
DA:206,13
DA:207,0
DA:211,25
DA:213,19
DA:214,13
DA:216,15
DA:218,13
DA:222,25
DA:223,25
LF:80
LH:63
BRDA:69,0,0,19
BRDA:69,0,1,1
BRDA:112,1,0,0
BRDA:112,1,1,0
BRDA:117,2,0,0
BRDA:117,2,1,0
BRDA:136,3,0,1
BRDA:136,3,1,1
BRDA:159,4,0,1
BRDA:159,4,1,2
BRDA:168,5,0,1
BRDA:168,5,1,1
BRDA:175,6,0,1
BRDA:175,6,1,2
BRDA:175,7,0,3
BRDA:175,7,1,3
BRDA:181,8,0,1
BRDA:181,8,1,1
BRDA:189,9,0,15
BRDA:189,9,1,13
BRDA:218,10,0,13
BRDA:218,10,1,0
BRF:22
BRH:17
end_of_record
TN:
SF:src/hooks/useTimer.ts
FN:68,(anonymous_0)
FN:82,(anonymous_1)
FN:87,(anonymous_2)
FN:94,(anonymous_3)
FN:101,(anonymous_4)
FN:110,useTimer
FN:125,(anonymous_6)
FN:126,(anonymous_7)
FN:154,(anonymous_8)
FN:156,(anonymous_9)
FN:189,(anonymous_10)
FN:200,(anonymous_11)
FN:216,(anonymous_12)
FN:221,(anonymous_13)
FN:235,(anonymous_14)
FN:249,(anonymous_15)
FN:263,(anonymous_16)
FN:272,(anonymous_17)
FN:284,(anonymous_18)
FN:290,(anonymous_19)
FN:323,(anonymous_20)
FN:331,(anonymous_21)
FN:346,(anonymous_22)
FN:355,(anonymous_23)
FN:364,(anonymous_24)
FN:365,(anonymous_25)
FN:385,(anonymous_26)
FN:391,(anonymous_27)
FN:408,(anonymous_28)
FN:416,(anonymous_29)
FN:431,(anonymous_30)
FN:432,(anonymous_31)
FN:438,(anonymous_32)
FNF:33
FNH:24
FNDA:55,(anonymous_0)
FNDA:13,(anonymous_1)
FNDA:0,(anonymous_2)
FNDA:55,(anonymous_3)
FNDA:6,(anonymous_4)
FNDA:55,useTimer
FNDA:17,(anonymous_6)
FNDA:17,(anonymous_7)
FNDA:0,(anonymous_8)
FNDA:0,(anonymous_9)
FNDA:0,(anonymous_10)
FNDA:0,(anonymous_11)
FNDA:30,(anonymous_12)
FNDA:5,(anonymous_13)
FNDA:5,(anonymous_14)
FNDA:5,(anonymous_15)
FNDA:0,(anonymous_16)
FNDA:0,(anonymous_17)
FNDA:1,(anonymous_18)
FNDA:1,(anonymous_19)
FNDA:4,(anonymous_20)
FNDA:4,(anonymous_21)
FNDA:0,(anonymous_22)
FNDA:0,(anonymous_23)
FNDA:6,(anonymous_24)
FNDA:6,(anonymous_25)
FNDA:1,(anonymous_26)
FNDA:1,(anonymous_27)
FNDA:2,(anonymous_28)
FNDA:2,(anonymous_29)
FNDA:4,(anonymous_30)
FNDA:4,(anonymous_31)
FNDA:37,(anonymous_32)
DA:57,1
DA:63,1
DA:64,1
DA:66,1
DA:68,55
DA:82,1
DA:86,13
DA:87,0
DA:94,1
DA:95,55
DA:96,55
DA:97,55
DA:98,55
DA:101,1
DA:106,6
DA:107,6
DA:111,55
DA:115,55
DA:119,55
DA:120,55
DA:121,55
DA:125,55
DA:126,17
DA:127,17
DA:128,0
DA:130,17
DA:131,17
DA:152,55
DA:154,55
DA:156,0
DA:157,0
DA:163,0
DA:164,0
DA:166,0
DA:167,0
DA:171,0
DA:189,55
DA:195,0
DA:196,0
DA:197,0
DA:200,0
DA:211,0
DA:216,55
DA:217,30
DA:218,25
DA:221,5
DA:222,5
DA:227,5
DA:228,0
DA:231,0
DA:232,0
DA:235,5
DA:245,5
DA:246,5
DA:247,5
DA:249,5
DA:250,5
DA:251,5
DA:263,55
DA:264,0
DA:265,0
DA:268,0
DA:269,0
DA:270,0
DA:272,0
DA:284,55
DA:285,1
DA:286,1
DA:287,1
DA:290,1
DA:291,1
DA:296,0
DA:304,1
DA:309,1
DA:323,55
DA:324,4
DA:326,4
DA:327,1
DA:328,1
DA:331,4
DA:346,55
DA:347,0
DA:348,0
DA:353,0
DA:354,0
DA:355,0
DA:364,55
DA:365,6
DA:366,6
DA:367,1
DA:371,5
DA:375,6
DA:385,55
DA:386,1
DA:387,1
DA:388,1
DA:391,1
DA:392,1
DA:393,1
DA:408,55
DA:409,2
DA:411,2
DA:412,0
DA:413,0
DA:416,2
DA:428,2
DA:431,55
DA:432,4
DA:435,55
DA:436,55
DA:438,55
DA:439,37
LF:112
LH:81
BRDA:94,0,0,55
BRDA:104,1,0,6
BRDA:127,2,0,0
BRDA:127,2,1,17
BRDA:166,3,0,0
BRDA:166,3,1,0
BRDA:168,4,0,0
BRDA:168,4,1,0
BRDA:176,5,0,0
BRDA:176,5,1,0
BRDA:179,6,0,0
BRDA:179,6,1,0
BRDA:182,7,0,0
BRDA:182,7,1,0
BRDA:195,8,0,0
BRDA:195,8,1,0
BRDA:217,9,0,25
BRDA:217,9,1,5
BRDA:217,10,0,30
BRDA:217,10,1,5
BRDA:217,10,2,5
BRDA:227,11,0,0
BRDA:227,11,1,5
BRDA:264,12,0,0
BRDA:264,12,1,0
BRDA:285,13,0,1
BRDA:285,13,1,0
BRDA:291,14,0,0
BRDA:291,14,1,1
BRDA:292,15,0,1
BRDA:292,15,1,1
BRDA:292,15,2,1
BRDA:326,16,0,1
BRDA:326,16,1,3
BRDA:347,17,0,0
BRDA:347,17,1,0
BRDA:366,18,0,1
BRDA:366,18,1,5
BRDA:371,19,0,5
BRDA:371,19,1,0
BRDA:386,20,0,1
BRDA:386,20,1,0
BRDA:411,21,0,0
BRDA:411,21,1,2
BRDA:435,22,0,2
BRDA:435,22,1,53
BRDA:436,23,0,55
BRDA:436,23,1,0
BRF:48
BRH:24
end_of_record
TN:
SF:src/hooks/useTimerEdit.ts
FN:13,useTimerEdit
FN:18,(anonymous_1)
FN:27,(anonymous_2)
FNF:3
FNH:3
FNDA:25,useTimerEdit
FNDA:4,(anonymous_1)
FNDA:5,(anonymous_2)
DA:14,25
DA:15,25
DA:16,25
DA:18,25
DA:19,4
DA:20,2
DA:22,2
DA:24,4
DA:27,25
DA:28,5
DA:29,5
DA:30,3
DA:31,3
DA:33,2
DA:34,2
DA:36,25
LF:16
LH:16
BRDA:19,0,0,2
BRDA:19,0,1,2
BRDA:29,1,0,3
BRDA:29,1,1,2
BRDA:30,2,0,3
BRDA:30,2,1,0
BRF:6
BRH:5
end_of_record
TN:
SF:src/hooks/useVisibleTaskCount.ts
FN:7,useVisibleTaskCount
FN:16,(anonymous_1)
FN:20,(anonymous_2)
FN:44,(anonymous_3)
FNF:4
FNH:0
FNDA:0,useVisibleTaskCount
FNDA:0,(anonymous_1)
FNDA:0,(anonymous_2)
FNDA:0,(anonymous_3)
DA:12,0
DA:13,0
DA:14,0
DA:16,0
DA:17,0
DA:18,0
DA:20,0
DA:21,0
DA:22,0
DA:23,0
DA:24,0
DA:26,0
DA:28,0
DA:29,0
DA:37,0
DA:39,0
DA:40,0
DA:41,0
DA:42,0
DA:44,0
DA:45,0
DA:46,0
DA:50,0
LF:23
LH:0
BRDA:18,0,0,0
BRDA:18,0,1,0
BRDA:21,1,0,0
BRDA:21,1,1,0
BRDA:23,2,0,0
BRDA:23,2,1,0
BRDA:23,3,0,0
BRDA:23,3,1,0
BRDA:23,3,2,0
BRDA:26,4,0,0
BRDA:26,4,1,0
BRDA:26,5,0,0
BRDA:26,5,1,0
BRDA:41,6,0,0
BRDA:41,6,1,0
BRF:15
BRH:0
end_of_record
TN:
SF:src/lib/.gitkeep
FNF:0
FNH:0
LF:0
LH:0
BRF:0
BRH:0
end_of_record
TN:
SF:src/lib/calendarUtils.ts
FN:93,(anonymous_0)
FN:95,toIso
FN:103,getMondayOf
FN:114,getWeekDays
FN:117,(anonymous_4)
FN:124,shiftWeek
FN:130,clamp
FN:134,getGridRowStartClass
FN:138,getGridColStartClass
FN:142,getColSpanClass
FN:146,getRowSpanClass
FN:150,formatHourLabel
FN:157,getVisibleStartHour
FN:161,getTimeSlots
FN:162,(anonymous_14)
FN:168,eventTopPct
FN:172,eventHeightPct
FN:176,isFutureDate
FN:180,isFutureSlot
FN:196,eventOverlapsSlot
FNF:20
FNH:20
FNDA:10,(anonymous_0)
FNDA:36,toIso
FNDA:16,getMondayOf
FNDA:2,getWeekDays
FNDA:14,(anonymous_4)
FNDA:4,shiftWeek
FNDA:30,clamp
FNDA:3,getGridRowStartClass
FNDA:2,getGridColStartClass
FNDA:2,getColSpanClass
FNDA:1,getRowSpanClass
FNDA:125,formatHourLabel
FNDA:15,getVisibleStartHour
FNDA:17,getTimeSlots
FNDA:119,(anonymous_14)
FNDA:2,eventTopPct
FNDA:2,eventHeightPct
FNDA:4,isFutureDate
FNDA:4,isFutureSlot
FNDA:4,eventOverlapsSlot
DA:1,2
DA:11,2
DA:21,2
DA:36,2
DA:37,2
DA:38,2
DA:39,2
DA:40,2
DA:41,2
DA:42,2
DA:43,2
DA:44,2
DA:53,2
DA:63,2
DA:72,2
DA:93,10
DA:96,36
DA:97,36
DA:98,36
DA:99,36
DA:104,16
DA:105,16
DA:106,16
DA:107,16
DA:108,16
DA:109,16
DA:110,16
DA:115,2
DA:116,2
DA:117,2
DA:118,14
DA:119,14
DA:120,14
DA:125,4
DA:126,4
DA:127,4
DA:131,30
DA:135,3
DA:139,2
DA:143,2
DA:147,1
DA:151,125
DA:152,125
DA:153,125
DA:154,125
DA:158,15
DA:162,119
DA:169,2
DA:173,2
DA:177,4
DA:186,4
DA:197,4
LF:52
LH:52
BRDA:107,0,0,1
BRDA:107,0,1,15
BRDA:152,1,0,98
BRDA:152,1,1,27
BRDA:153,2,0,125
BRDA:153,2,1,8
BRDA:186,3,0,3
BRDA:186,3,1,1
BRDA:198,4,0,4
BRDA:198,4,1,3
BRF:10
BRH:10
end_of_record
TN:
SF:src/lib/habitSchema.ts
FN:30,(anonymous_0)
FN:42,makeHabitSchema
FN:43,(anonymous_2)
FN:47,(anonymous_3)
FNF:4
FNH:4
FNDA:10,(anonymous_0)
FNDA:50,makeHabitSchema
FNDA:10,(anonymous_2)
FNDA:4,(anonymous_3)
DA:3,2
DA:4,2
DA:5,2
DA:6,2
DA:7,2
DA:9,2
DA:32,10
DA:43,50
DA:45,10
DA:46,10
DA:47,10
DA:48,4
LF:12
LH:12
BRDA:32,0,0,10
BRDA:32,0,1,1
BRDA:32,1,0,1
BRDA:32,1,1,0
BRDA:46,2,0,10
BRDA:46,2,1,7
BRDA:48,3,0,4
BRDA:48,3,1,1
BRF:8
BRH:7
end_of_record
TN:
SF:src/lib/habitUtils.ts
FN:8,(anonymous_0)
FN:9,(anonymous_1)
FN:9,(anonymous_2)
FN:12,(anonymous_3)
FN:14,(anonymous_4)
FN:15,(anonymous_5)
FN:25,(anonymous_6)
FN:38,(anonymous_7)
FN:39,(anonymous_8)
FN:41,(anonymous_9)
FN:52,(anonymous_10)
FN:54,(anonymous_11)
FN:55,(anonymous_12)
FN:62,(anonymous_13)
FN:66,(anonymous_14)
FNF:15
FNH:15
FNDA:4,(anonymous_0)
FNDA:6,(anonymous_1)
FNDA:31,(anonymous_2)
FNDA:3,(anonymous_3)
FNDA:3,(anonymous_4)
FNDA:21,(anonymous_5)
FNDA:3,(anonymous_6)
FNDA:4,(anonymous_7)
FNDA:5,(anonymous_8)
FNDA:35,(anonymous_9)
FNDA:7,(anonymous_10)
FNDA:9,(anonymous_11)
FNDA:63,(anonymous_12)
FNDA:49,(anonymous_13)
FNDA:1,(anonymous_14)
DA:8,1
DA:9,31
DA:12,1
DA:13,3
DA:14,3
DA:15,3
DA:16,21
DA:17,11
DA:21,3
DA:25,1
DA:29,3
DA:38,1
DA:39,4
DA:41,35
DA:42,5
DA:43,5
DA:44,4
DA:46,1
DA:52,1
DA:53,7
DA:54,7
DA:55,9
DA:56,63
DA:57,32
DA:62,49
DA:66,1
DA:67,1
DA:68,1
LF:28
LH:28
BRDA:16,0,0,11
BRDA:16,0,1,10
BRDA:29,1,0,3
BRDA:29,1,1,1
BRDA:43,2,0,4
BRDA:43,2,1,1
BRDA:56,3,0,32
BRDA:56,3,1,31
BRF:8
BRH:8
end_of_record
TN:
SF:src/lib/layoutConstants.ts
FNF:0
FNH:0
DA:1,1
LF:1
LH:1
BRF:0
BRH:0
end_of_record
TN:
SF:src/lib/mockDashboardMonth.ts
FN:46,(anonymous_0)
FN:54,(anonymous_1)
FN:59,(anonymous_2)
FN:70,(anonymous_3)
FN:76,(anonymous_4)
FN:90,(anonymous_5)
FN:95,(anonymous_6)
FN:97,(anonymous_7)
FNF:8
FNH:8
FNDA:47,(anonymous_0)
FNDA:48,(anonymous_1)
FNDA:1,(anonymous_2)
FNDA:47,(anonymous_3)
FNDA:1,(anonymous_4)
FNDA:6,(anonymous_5)
FNDA:5,(anonymous_6)
FNDA:35,(anonymous_7)
DA:44,1
DA:46,1
DA:47,47
DA:48,47
DA:49,47
DA:51,47
DA:54,1
DA:55,48
DA:56,48
DA:59,1
DA:60,1
DA:61,1
DA:63,1
DA:64,1
DA:65,1
DA:67,1
DA:70,1
DA:71,47
DA:72,47
DA:73,47
DA:76,1
DA:79,1
DA:80,1
DA:81,1
DA:82,1
DA:86,1
DA:90,6
DA:95,5
DA:97,35
DA:105,1
DA:849,1
LF:31
LH:31
BRDA:64,0,0,0
BRDA:64,0,1,1
BRF:2
BRH:1
end_of_record
TN:
SF:src/lib/mockData.ts
FN:8,(anonymous_0)
FN:16,(anonymous_1)
FN:22,(anonymous_2)
FN:27,(anonymous_3)
FN:56,(anonymous_4)
FN:63,(anonymous_5)
FN:68,(anonymous_6)
FNF:7
FNH:7
FNDA:40,(anonymous_0)
FNDA:26,(anonymous_1)
FNDA:14,(anonymous_2)
FNDA:14,(anonymous_3)
FNDA:2,(anonymous_4)
FNDA:14,(anonymous_5)
FNDA:14,(anonymous_6)
DA:8,2
DA:9,40
DA:10,40
DA:11,40
DA:12,40
DA:16,2
DA:17,26
DA:18,26
DA:19,26
DA:22,2
DA:23,14
DA:24,14
DA:27,2
DA:31,14
DA:32,14
DA:33,14
DA:35,14
DA:36,14
DA:37,14
DA:40,14
DA:41,28
DA:42,0
DA:45,28
DA:46,28
DA:49,14
DA:52,2
DA:56,2
DA:57,2
DA:58,2
DA:59,2
DA:60,2
DA:62,2
DA:64,14
DA:65,14
DA:66,14
DA:68,14
DA:70,2
DA:73,2
DA:81,2
DA:176,2
DA:381,2
LF:41
LH:40
BRDA:24,0,0,0
BRDA:24,0,1,14
BRDA:29,1,0,14
BRDA:29,2,0,14
BRDA:35,3,0,14
BRDA:35,3,1,0
BRDA:35,4,0,14
BRDA:35,4,1,14
BRDA:40,5,0,14
BRDA:40,5,1,42
BRDA:41,6,0,0
BRDA:41,6,1,28
BRDA:59,7,0,0
BRDA:59,7,1,2
BRF:14
BRH:10
end_of_record
TN:
SF:src/lib/mockHabitHeatmap.ts
FN:9,(anonymous_0)
FN:16,(anonymous_1)
FN:21,(anonymous_2)
FN:26,(anonymous_3)
FN:29,(anonymous_4)
FN:37,(anonymous_5)
FN:50,(anonymous_6)
FN:55,(anonymous_7)
FN:80,buildMockHabitHeatmapEntries
FN:88,(anonymous_9)
FN:118,buildPaddedEntries
FN:126,(anonymous_11)
FNF:12
FNH:12
FNDA:1514,(anonymous_0)
FNDA:38,(anonymous_1)
FNDA:1,(anonymous_2)
FNDA:40,(anonymous_3)
FNDA:5,(anonymous_4)
FNDA:15,(anonymous_5)
FNDA:3046,(anonymous_6)
FNDA:2,(anonymous_7)
FNDA:18,buildMockHabitHeatmapEntries
FNDA:1512,(anonymous_9)
FNDA:13,buildPaddedEntries
FNDA:2,(anonymous_11)
DA:1,3
DA:9,3
DA:10,1514
DA:11,1514
DA:12,1514
DA:13,1514
DA:16,3
DA:17,38
DA:18,38
DA:21,3
DA:22,1
DA:26,3
DA:27,40
DA:29,3
DA:30,5
DA:31,4
DA:32,3
DA:33,2
DA:34,1
DA:37,3
DA:38,15
DA:39,9
DA:40,9
DA:42,9
DA:43,15
DA:44,18
DA:45,14
DA:47,9
DA:50,3
DA:51,3046
DA:52,3046
DA:55,3
DA:56,2
DA:57,2
DA:58,2
DA:59,2
DA:60,2
DA:61,2
DA:62,2
DA:63,2
DA:64,2
DA:68,2
DA:69,1
DA:70,1
DA:71,0
DA:73,2
DA:81,18
DA:82,18
DA:83,18
DA:84,18
DA:85,18
DA:86,18
DA:88,18
DA:89,1512
DA:90,1512
DA:91,1512
DA:92,1512
DA:93,1512
DA:94,1512
DA:95,1512
DA:96,1512
DA:97,1512
DA:99,1512
DA:101,1512
DA:102,1512
DA:103,1512
DA:104,270
DA:105,1242
DA:106,0
DA:108,1512
DA:109,1512
DA:110,18
DA:112,1512
DA:113,1512
DA:114,1512
DA:122,13
DA:123,12
DA:125,1
DA:126,1
DA:127,2
DA:128,2
DA:129,2
DA:131,1
LF:83
LH:81
BRDA:27,0,0,39
BRDA:27,0,1,1
BRDA:30,1,0,1
BRDA:30,1,1,4
BRDA:31,2,0,1
BRDA:31,2,1,3
BRDA:32,3,0,1
BRDA:32,3,1,2
BRDA:33,4,0,1
BRDA:33,4,1,1
BRDA:38,5,0,6
BRDA:38,5,1,9
BRDA:42,6,0,4
BRDA:42,6,1,5
BRDA:44,7,0,4
BRDA:44,7,1,14
BRDA:60,8,0,0
BRDA:60,8,1,2
BRDA:60,9,0,0
BRDA:60,9,1,2
BRDA:68,10,0,1
BRDA:68,10,1,1
BRDA:68,11,0,0
BRDA:68,11,1,2
BRDA:70,12,0,0
BRDA:70,12,1,1
BRDA:94,13,0,216
BRDA:94,13,1,1296
BRDA:94,14,0,216
BRDA:94,14,1,1080
BRDA:101,15,0,252
BRDA:101,15,1,1260
BRDA:101,16,0,1512
BRDA:101,16,1,1494
BRDA:101,16,2,252
BRDA:103,17,0,270
BRDA:103,17,1,1242
BRDA:103,18,0,216
BRDA:103,18,1,1296
BRDA:105,19,0,0
BRDA:105,19,1,1242
BRDA:109,20,0,18
BRDA:109,20,1,1494
BRDA:109,21,0,1512
BRDA:109,21,1,126
BRDA:109,21,2,36
BRDA:113,22,0,252
BRDA:113,22,1,1260
BRDA:122,23,0,12
BRDA:122,23,1,1
BRDA:122,24,0,13
BRDA:122,24,1,7
BRF:52
BRH:47
end_of_record
TN:
SF:src/lib/mockUser.ts
FNF:0
FNH:0
LF:0
LH:0
BRF:0
BRH:0
end_of_record
TN:
SF:src/lib/progressStyles.ts
FN:43,clampPercentage
FN:47,getPercentageWidthClass
FN:53,getPercentageFillClass
FN:57,getBarHeightClass
FNF:4
FNH:4
FNDA:26,clampPercentage
FNDA:23,getPercentageWidthClass
FNDA:16,getPercentageFillClass
FNDA:4,getBarHeightClass
DA:3,6
DA:27,6
DA:44,26
DA:48,23
DA:49,23
DA:50,23
DA:54,16
DA:58,4
DA:59,4
DA:60,4
LF:10
LH:10
BRDA:58,0,0,1
BRDA:58,0,1,3
BRF:2
BRH:2
end_of_record
TN:
SF:src/lib/taskSchema.ts
FN:20,(anonymous_0)
FNF:1
FNH:1
FNDA:4,(anonymous_0)
DA:4,2
DA:6,2
DA:20,4
LF:3
LH:3
BRF:0
BRH:0
end_of_record
TN:
SF:src/lib/taskStats.ts
FN:12,computeTaskCardStats
FN:13,(anonymous_1)
FN:14,(anonymous_2)
FN:18,(anonymous_3)
FNF:4
FNH:4
FNDA:6,computeTaskCardStats
FNDA:13,(anonymous_1)
FNDA:13,(anonymous_2)
FNDA:18,(anonymous_3)
DA:13,13
DA:14,6
DA:15,13
DA:17,6
DA:18,6
DA:19,18
DA:20,6
LF:7
LH:7
BRDA:15,0,0,13
BRDA:15,0,1,2
BRDA:19,1,0,3
BRDA:19,1,1,15
BRF:4
BRH:4
end_of_record
TN:
SF:src/lib/taskWidget.ts
FN:6,(anonymous_0)
FN:11,getUpcomingTasks
FN:18,(anonymous_2)
FN:20,(anonymous_3)
FNF:4
FNH:4
FNDA:7,(anonymous_0)
FNDA:13,getUpcomingTasks
FNDA:12,(anonymous_2)
FNDA:20,(anonymous_3)
DA:3,2
DA:4,2
DA:6,2
DA:7,7
DA:9,2
DA:15,13
DA:19,12
DA:20,20
LF:8
LH:8
BRF:0
BRH:0
end_of_record
TN:
SF:src/lib/timerSchema.ts
FNF:0
FNH:0
DA:3,2
DA:4,2
DA:6,2
LF:3
LH:3
BRF:0
BRH:0
end_of_record
